2017-10-12 14:55:25  [ main:0 ] - [ ERROR ]  获取交易json异常
org.apache.http.conn.HttpHostConnectException: Connect to 192.168.5.146:9204 [/192.168.5.146] failed: Connection refused: connect
	at org.apache.http.impl.conn.DefaultHttpClientConnectionOperator.connect(DefaultHttpClientConnectionOperator.java:151)
	at org.apache.http.impl.conn.PoolingHttpClientConnectionManager.connect(PoolingHttpClientConnectionManager.java:353)
	at org.apache.http.impl.execchain.MainClientExec.establishRoute(MainClientExec.java:380)
	at org.apache.http.impl.execchain.MainClientExec.execute(MainClientExec.java:236)
	at org.apache.http.impl.execchain.ProtocolExec.execute(ProtocolExec.java:184)
	at org.apache.http.impl.execchain.RetryExec.execute(RetryExec.java:88)
	at org.apache.http.impl.execchain.RedirectExec.execute(RedirectExec.java:110)
	at org.apache.http.impl.client.InternalHttpClient.doExecute(InternalHttpClient.java:184)
	at org.apache.http.impl.client.CloseableHttpClient.execute(CloseableHttpClient.java:82)
	at org.apache.http.impl.client.CloseableHttpClient.execute(CloseableHttpClient.java:107)
	at org.apache.http.impl.client.CloseableHttpClient.execute(CloseableHttpClient.java:55)
	at com.zb.kits.HttpUtilManager.requestHttpPost(HttpUtilManager.java:270)
	at com.zb.api.RestTest.getJsonPost(RestTest.java:421)
	at com.zb.api.RestTest.testOrder(RestTest.java:50)
	at sun.reflect.NativeMethodAccessorImpl.invoke0(Native Method)
	at sun.reflect.NativeMethodAccessorImpl.invoke(NativeMethodAccessorImpl.java:62)
	at sun.reflect.DelegatingMethodAccessorImpl.invoke(DelegatingMethodAccessorImpl.java:43)
	at java.lang.reflect.Method.invoke(Method.java:498)
	at org.junit.runners.model.FrameworkMethod$1.runReflectiveCall(FrameworkMethod.java:44)
	at org.junit.internal.runners.model.ReflectiveCallable.run(ReflectiveCallable.java:15)
	at org.junit.runners.model.FrameworkMethod.invokeExplosively(FrameworkMethod.java:41)
	at org.junit.internal.runners.statements.InvokeMethod.evaluate(InvokeMethod.java:20)
	at org.junit.runners.BlockJUnit4ClassRunner.runChild(BlockJUnit4ClassRunner.java:76)
	at org.junit.runners.BlockJUnit4ClassRunner.runChild(BlockJUnit4ClassRunner.java:50)
	at org.junit.runners.ParentRunner$3.run(ParentRunner.java:193)
	at org.junit.runners.ParentRunner$1.schedule(ParentRunner.java:52)
	at org.junit.runners.ParentRunner.runChildren(ParentRunner.java:191)
	at org.junit.runners.ParentRunner.access$000(ParentRunner.java:42)
	at org.junit.runners.ParentRunner$2.evaluate(ParentRunner.java:184)
	at org.junit.runners.ParentRunner.run(ParentRunner.java:236)
	at org.eclipse.jdt.internal.junit4.runner.JUnit4TestReference.run(JUnit4TestReference.java:86)
	at org.eclipse.jdt.internal.junit.runner.TestExecution.run(TestExecution.java:38)
	at org.eclipse.jdt.internal.junit.runner.RemoteTestRunner.runTests(RemoteTestRunner.java:459)
	at org.eclipse.jdt.internal.junit.runner.RemoteTestRunner.runTests(RemoteTestRunner.java:678)
	at org.eclipse.jdt.internal.junit.runner.RemoteTestRunner.run(RemoteTestRunner.java:382)
	at org.eclipse.jdt.internal.junit.runner.RemoteTestRunner.main(RemoteTestRunner.java:192)
Caused by: java.net.ConnectException: Connection refused: connect
	at java.net.DualStackPlainSocketImpl.waitForConnect(Native Method)
	at java.net.DualStackPlainSocketImpl.socketConnect(DualStackPlainSocketImpl.java:85)
	at java.net.AbstractPlainSocketImpl.doConnect(AbstractPlainSocketImpl.java:350)
	at java.net.AbstractPlainSocketImpl.connectToAddress(AbstractPlainSocketImpl.java:206)
	at java.net.AbstractPlainSocketImpl.connect(AbstractPlainSocketImpl.java:188)
	at java.net.PlainSocketImpl.connect(PlainSocketImpl.java:172)
	at java.net.SocksSocketImpl.connect(SocksSocketImpl.java:392)
	at java.net.Socket.connect(Socket.java:589)
	at org.apache.http.conn.socket.PlainConnectionSocketFactory.connectSocket(PlainConnectionSocketFactory.java:74)
	at org.apache.http.impl.conn.DefaultHttpClientConnectionOperator.connect(DefaultHttpClientConnectionOperator.java:134)
	... 35 more
2017-10-12 14:55:25  [ main:5 ] - [ INFO ]  etc_btc-testKline url: http://ttapi.zb.com/data/v1/kline?market=etc_btc&times=1min
2017-10-12 14:55:25  [ main:64 ] - [ INFO ]  etc_btc-testKline 结果: {"symbol":"etc","data":[[1507616340000,0.05,0.05,0.05,0.05,1],[1507626120000,0.05,0.05,0.05,0.05,1],[1507627860000,0.05,0.05,0.006666,0.006666,10],[1507655100000,0.9,0.9,0.9,0.9,1],[1507688460000,0.6,0.6,0.6,0.6,1],[1507691580000,1,1,1,1,1],[1507698120000,0.01,0.01,0.01,0.01,1],[1507711740000,0.01999,0.16,0.01999,0.16,2.01],[1507712460000,0.018,0.018,0.016,0.016,0.21],[1507729500000,0.017,0.017,0.017,0.017,1],[1507773600000,0.017,0.017,0.017,0.017,0.01],[1507775400000,0.0161,0.017,0.0161,0.017,2]],"moneyType":"æ¯\u0094ç\u0089¹å¸\u0081"}
2017-10-12 14:55:50  [ main:0 ] - [ ERROR ]  获取交易json异常
org.apache.http.conn.HttpHostConnectException: Connect to 192.168.5.146:9204 [/192.168.5.146] failed: Connection refused: connect
	at org.apache.http.impl.conn.DefaultHttpClientConnectionOperator.connect(DefaultHttpClientConnectionOperator.java:151)
	at org.apache.http.impl.conn.PoolingHttpClientConnectionManager.connect(PoolingHttpClientConnectionManager.java:353)
	at org.apache.http.impl.execchain.MainClientExec.establishRoute(MainClientExec.java:380)
	at org.apache.http.impl.execchain.MainClientExec.execute(MainClientExec.java:236)
	at org.apache.http.impl.execchain.ProtocolExec.execute(ProtocolExec.java:184)
	at org.apache.http.impl.execchain.RetryExec.execute(RetryExec.java:88)
	at org.apache.http.impl.execchain.RedirectExec.execute(RedirectExec.java:110)
	at org.apache.http.impl.client.InternalHttpClient.doExecute(InternalHttpClient.java:184)
	at org.apache.http.impl.client.CloseableHttpClient.execute(CloseableHttpClient.java:82)
	at org.apache.http.impl.client.CloseableHttpClient.execute(CloseableHttpClient.java:107)
	at org.apache.http.impl.client.CloseableHttpClient.execute(CloseableHttpClient.java:55)
	at com.zb.kits.HttpUtilManager.requestHttpPost(HttpUtilManager.java:270)
	at com.zb.api.RestTest.getJsonPost(RestTest.java:421)
	at com.zb.api.RestTest.testOrder(RestTest.java:50)
	at sun.reflect.NativeMethodAccessorImpl.invoke0(Native Method)
	at sun.reflect.NativeMethodAccessorImpl.invoke(NativeMethodAccessorImpl.java:62)
	at sun.reflect.DelegatingMethodAccessorImpl.invoke(DelegatingMethodAccessorImpl.java:43)
	at java.lang.reflect.Method.invoke(Method.java:498)
	at org.junit.runners.model.FrameworkMethod$1.runReflectiveCall(FrameworkMethod.java:44)
	at org.junit.internal.runners.model.ReflectiveCallable.run(ReflectiveCallable.java:15)
	at org.junit.runners.model.FrameworkMethod.invokeExplosively(FrameworkMethod.java:41)
	at org.junit.internal.runners.statements.InvokeMethod.evaluate(InvokeMethod.java:20)
	at org.junit.runners.BlockJUnit4ClassRunner.runChild(BlockJUnit4ClassRunner.java:76)
	at org.junit.runners.BlockJUnit4ClassRunner.runChild(BlockJUnit4ClassRunner.java:50)
	at org.junit.runners.ParentRunner$3.run(ParentRunner.java:193)
	at org.junit.runners.ParentRunner$1.schedule(ParentRunner.java:52)
	at org.junit.runners.ParentRunner.runChildren(ParentRunner.java:191)
	at org.junit.runners.ParentRunner.access$000(ParentRunner.java:42)
	at org.junit.runners.ParentRunner$2.evaluate(ParentRunner.java:184)
	at org.junit.runners.ParentRunner.run(ParentRunner.java:236)
	at org.eclipse.jdt.internal.junit4.runner.JUnit4TestReference.run(JUnit4TestReference.java:86)
	at org.eclipse.jdt.internal.junit.runner.TestExecution.run(TestExecution.java:38)
	at org.eclipse.jdt.internal.junit.runner.RemoteTestRunner.runTests(RemoteTestRunner.java:459)
	at org.eclipse.jdt.internal.junit.runner.RemoteTestRunner.runTests(RemoteTestRunner.java:678)
	at org.eclipse.jdt.internal.junit.runner.RemoteTestRunner.run(RemoteTestRunner.java:382)
	at org.eclipse.jdt.internal.junit.runner.RemoteTestRunner.main(RemoteTestRunner.java:192)
Caused by: java.net.ConnectException: Connection refused: connect
	at java.net.DualStackPlainSocketImpl.waitForConnect(Native Method)
	at java.net.DualStackPlainSocketImpl.socketConnect(DualStackPlainSocketImpl.java:85)
	at java.net.AbstractPlainSocketImpl.doConnect(AbstractPlainSocketImpl.java:350)
	at java.net.AbstractPlainSocketImpl.connectToAddress(AbstractPlainSocketImpl.java:206)
	at java.net.AbstractPlainSocketImpl.connect(AbstractPlainSocketImpl.java:188)
	at java.net.PlainSocketImpl.connect(PlainSocketImpl.java:172)
	at java.net.SocksSocketImpl.connect(SocksSocketImpl.java:392)
	at java.net.Socket.connect(Socket.java:589)
	at org.apache.http.conn.socket.PlainConnectionSocketFactory.connectSocket(PlainConnectionSocketFactory.java:74)
	at org.apache.http.impl.conn.DefaultHttpClientConnectionOperator.connect(DefaultHttpClientConnectionOperator.java:134)
	... 35 more
2017-10-12 15:09:57  [ main:0 ] - [ ERROR ]  获取交易json异常
org.apache.http.conn.HttpHostConnectException: Connect to 192.168.5.146:9204 [/192.168.5.146] failed: Connection refused: connect
	at org.apache.http.impl.conn.DefaultHttpClientConnectionOperator.connect(DefaultHttpClientConnectionOperator.java:151)
	at org.apache.http.impl.conn.PoolingHttpClientConnectionManager.connect(PoolingHttpClientConnectionManager.java:353)
	at org.apache.http.impl.execchain.MainClientExec.establishRoute(MainClientExec.java:380)
	at org.apache.http.impl.execchain.MainClientExec.execute(MainClientExec.java:236)
	at org.apache.http.impl.execchain.ProtocolExec.execute(ProtocolExec.java:184)
	at org.apache.http.impl.execchain.RetryExec.execute(RetryExec.java:88)
	at org.apache.http.impl.execchain.RedirectExec.execute(RedirectExec.java:110)
	at org.apache.http.impl.client.InternalHttpClient.doExecute(InternalHttpClient.java:184)
	at org.apache.http.impl.client.CloseableHttpClient.execute(CloseableHttpClient.java:82)
	at org.apache.http.impl.client.CloseableHttpClient.execute(CloseableHttpClient.java:107)
	at org.apache.http.impl.client.CloseableHttpClient.execute(CloseableHttpClient.java:55)
	at com.zb.kits.HttpUtilManager.requestHttpPost(HttpUtilManager.java:270)
	at com.zb.api.RestTest.getJsonPost(RestTest.java:421)
	at com.zb.api.RestTest.testOrder(RestTest.java:50)
	at sun.reflect.NativeMethodAccessorImpl.invoke0(Native Method)
	at sun.reflect.NativeMethodAccessorImpl.invoke(NativeMethodAccessorImpl.java:62)
	at sun.reflect.DelegatingMethodAccessorImpl.invoke(DelegatingMethodAccessorImpl.java:43)
	at java.lang.reflect.Method.invoke(Method.java:498)
	at org.junit.runners.model.FrameworkMethod$1.runReflectiveCall(FrameworkMethod.java:44)
	at org.junit.internal.runners.model.ReflectiveCallable.run(ReflectiveCallable.java:15)
	at org.junit.runners.model.FrameworkMethod.invokeExplosively(FrameworkMethod.java:41)
	at org.junit.internal.runners.statements.InvokeMethod.evaluate(InvokeMethod.java:20)
	at org.junit.runners.BlockJUnit4ClassRunner.runChild(BlockJUnit4ClassRunner.java:76)
	at org.junit.runners.BlockJUnit4ClassRunner.runChild(BlockJUnit4ClassRunner.java:50)
	at org.junit.runners.ParentRunner$3.run(ParentRunner.java:193)
	at org.junit.runners.ParentRunner$1.schedule(ParentRunner.java:52)
	at org.junit.runners.ParentRunner.runChildren(ParentRunner.java:191)
	at org.junit.runners.ParentRunner.access$000(ParentRunner.java:42)
	at org.junit.runners.ParentRunner$2.evaluate(ParentRunner.java:184)
	at org.junit.runners.ParentRunner.run(ParentRunner.java:236)
	at org.eclipse.jdt.internal.junit4.runner.JUnit4TestReference.run(JUnit4TestReference.java:86)
	at org.eclipse.jdt.internal.junit.runner.TestExecution.run(TestExecution.java:38)
	at org.eclipse.jdt.internal.junit.runner.RemoteTestRunner.runTests(RemoteTestRunner.java:459)
	at org.eclipse.jdt.internal.junit.runner.RemoteTestRunner.runTests(RemoteTestRunner.java:678)
	at org.eclipse.jdt.internal.junit.runner.RemoteTestRunner.run(RemoteTestRunner.java:382)
	at org.eclipse.jdt.internal.junit.runner.RemoteTestRunner.main(RemoteTestRunner.java:192)
Caused by: java.net.ConnectException: Connection refused: connect
	at java.net.DualStackPlainSocketImpl.waitForConnect(Native Method)
	at java.net.DualStackPlainSocketImpl.socketConnect(DualStackPlainSocketImpl.java:85)
	at java.net.AbstractPlainSocketImpl.doConnect(AbstractPlainSocketImpl.java:350)
	at java.net.AbstractPlainSocketImpl.connectToAddress(AbstractPlainSocketImpl.java:206)
	at java.net.AbstractPlainSocketImpl.connect(AbstractPlainSocketImpl.java:188)
	at java.net.PlainSocketImpl.connect(PlainSocketImpl.java:172)
	at java.net.SocksSocketImpl.connect(SocksSocketImpl.java:392)
	at java.net.Socket.connect(Socket.java:589)
	at org.apache.http.conn.socket.PlainConnectionSocketFactory.connectSocket(PlainConnectionSocketFactory.java:74)
	at org.apache.http.impl.conn.DefaultHttpClientConnectionOperator.connect(DefaultHttpClientConnectionOperator.java:134)
	... 35 more
2017-10-12 21:23:24  [ main:0 ] - [ INFO ]  testGetOrders 结果: [{"total_amount":1.502,"id":"201710122805","price":0.9001,"trade_date":1507814486634,"status":2,"trade_money":1.351798498,"trade_amount":1.502,"type":1,"trade_price":0.89,"currency":"ltc_btc"},{"total_amount":1.512,"id":"201710122216","price":1.0,"trade_date":1507792212520,"status":2,"trade_money":0.3277,"trade_amount":1.512,"type":1,"trade_price":0.21,"currency":"ltc_btc"},{"total_amount":1.512,"id":"201710111626","price":1.0,"trade_date":1507705154403,"status":2,"trade_money":0.09696,"trade_amount":1.512,"type":1,"trade_price":0.06,"currency":"ltc_btc"},{"total_amount":0.00010,"id":"201710111625","price":0.000020,"trade_date":1507705096355,"status":1,"trade_money":0.0,"trade_amount":0.0,"type":1,"trade_price":0.0,"currency":"ltc_btc"},{"total_amount":1.512,"id":"201710111614","price":1.0,"trade_date":1507702310445,"status":2,"trade_money":0.14192,"trade_amount":1.512,"type":1,"trade_price":0.09,"currency":"ltc_btc"},{"total_amount":0.00010,"id":"201710111609","price":0.000020,"trade_date":1507700283992,"status":1,"trade_money":0.0,"trade_amount":0.0,"type":1,"trade_price":0.0,"currency":"ltc_btc"},{"total_amount":1.512,"id":"201710111608","price":1.0,"trade_date":1507700104797,"status":2,"trade_money":0.12096,"trade_amount":1.512,"type":1,"trade_price":0.08,"currency":"ltc_btc"},{"total_amount":1.512,"id":"201710111607","price":1.0,"trade_date":1507699928987,"status":2,"trade_money":0.12096,"trade_amount":1.512,"type":1,"trade_price":0.08,"currency":"ltc_btc"},{"total_amount":1.512,"id":"201710111606","price":1.0,"trade_date":1507699402747,"status":2,"trade_money":0.12096,"trade_amount":1.512,"type":1,"trade_price":0.08,"currency":"ltc_btc"},{"total_amount":0.00010,"id":"201710111603","price":0.000020,"trade_date":1507698663775,"status":0,"trade_money":0.0,"trade_amount":0.0,"type":1,"trade_price":0.0,"currency":"ltc_btc"}]
2017-10-12 21:23:24  [ main:43 ] - [ INFO ]  testGetOrders 结果: {"code":3001,"message":"挂单没有找到"}
2017-10-12 21:23:24  [ main:250 ] - [ INFO ]  testGetOrders 结果: [{"total_amount":1.0,"id":"201710111009","price":1.0,"trade_date":1507691588342,"status":2,"trade_money":1.0,"trade_amount":1.0,"type":1,"trade_price":1.0,"currency":"etc_btc"}]
2017-10-12 21:23:45  [ main:0 ] - [ INFO ]  testGetOrdersNew 结果: [{"total_amount":1.502,"id":"201710122805","price":0.9001,"trade_date":1507814486634,"status":2,"trade_money":1.351798498,"trade_amount":1.502,"type":1,"trade_price":0.89,"currency":"ltc_btc"}]
2017-10-12 21:23:45  [ main:14 ] - [ INFO ]  testGetOrdersNew 结果: {"code":3001,"message":"挂单没有找到"}
2017-10-12 21:23:45  [ main:27 ] - [ INFO ]  testGetOrdersNew 结果: [{"total_amount":1.0,"id":"201710111009","price":1.0,"trade_date":1507691588342,"status":2,"trade_money":1.0,"trade_amount":1.0,"type":1,"trade_price":1.0,"currency":"etc_btc"}]
2017-10-12 21:24:26  [ main:0 ] - [ INFO ]  testGetAccountInfo 结果: {"result":{"balance":{"BTS":{"amount":"0.00000000","symbol":"BTS","currency":"BTS"},"BCC":{"amount":"0.00000000","symbol":"BCC","currency":"BCC"},"ETH":{"amount":"0.00000000","symbol":"E","currency":"ETH"},"BTC":{"amount":"1386.0387675","symbol":"฿","currency":"BTC"},"ETC":{"amount":"0.999","symbol":"E","currency":"ETC"},"QTUM":{"amount":"0.00000000","symbol":"QTUM","currency":"QTUM"},"LTC":{"amount":"79.5680424","symbol":"Ł","currency":"LTC"}},"netAssets":"0.0000","totalAssets":"0.0000","base":{"username":"13415000099","trade_password_enabled":true,"auth_google_enabled":false,"auth_mobile_enabled":true},"frozen":{"BTS":{"amount":"0.00000000","symbol":"BTS","currency":"BTS"},"BCC":{"amount":"0.00000000","symbol":"BCC","currency":"BCC"},"ETH":{"amount":"0.00000000","symbol":"E","currency":"ETH"},"BTC":{"amount":"607.91992601","symbol":"฿","currency":"BTC"},"ETC":{"amount":"0.00000000","symbol":"E","currency":"ETC"},"QTUM":{"amount":"0.00000000","symbol":"QTUM","currency":"QTUM"},"LTC":{"amount":"0.00000000","symbol":"Ł","currency":"LTC"}},"p2p":{"inETH":0.0,"inCNY":0.0,"outBTS":0,"inEOS":0,"inBTS":0,"outCNY":0.0,"outLTC":0.0,"inBCC":0,"outBCC":0,"outETH":0.0,"outBTC":0.0,"inLTC":0.0,"inBTC":0.0,"outEOS":0,"inETC":0.0,"outETC":0.0}}}
